<?xml version="1.0" encoding="UTF-8"?>
<!-- Generated by org.testng.reporters.JUnitXMLReporter -->
<testsuite ignored="0" hostname="DESKTOP-9RG7NDH" failures="1" tests="1" name="Default test" time="5.981" errors="0" timestamp="2024-09-29T11:11:51 IST">
  <testcase classname="io.cucumber.testng.AbstractTestNGCucumberTests" name="runScenario" time="4.473">
    <failure type="java.lang.AssertionError" message="expected [true] but found [false]">
      <![CDATA[java.lang.AssertionError: expected [true] but found [false]
at org.testng.Assert.fail(Assert.java:97)
at org.testng.Assert.failNotEquals(Assert.java:969)
at org.testng.Assert.assertTrue(Assert.java:43)
at org.testng.Assert.assertTrue(Assert.java:53)
at fancode.tests.StepDefinitions.user_belongs_to_the_city_fancode(StepDefinitions.java:58)
at âœ½.User belongs to the city FanCode(file:///D:/Eclipse%20Project/Vinayak_WorkSpace/FancodeRestAPIFramework/src/test/resources/features/FanCodeCity.feature:5)
]]>
    </failure>
  </testcase> <!-- runScenario -->
</testsuite> <!-- Default test -->
